Command line:
   Verilog_Implementation_isim_beh.exe
     -simmode  gui
     -simrunnum  0
     -socket  62711

Sat Apr 02 00:23:47 2016


 Elaboration Time: 0.046875 sec

 Current Memory Usage: 840.352 Meg

 Total Signals          : 29
 Total Nets             : 29
 Total Signal Drivers   : 18
 Total Blocks           : 2
 Total Primitive Blocks : 2
 Total Processes        : 19
 Total Traceable Variables  : 18
 Total Scalar Nets and Variables : 109
Total Line Count : 14

 Total Simulation Time: 0.140625 sec

 Current Memory Usage: 840.352 Meg

Sat Apr 02 00:23:54 2016

