Command line:
   Schematic_Schematic_sch_tb_isim_beh.exe
     -simmode  gui
     -simrunnum  0
     -socket  59112

Mon Mar 28 01:19:19 2016


 Elaboration Time: 0.046875 sec

 Current Memory Usage: 840.43 Meg

 Total Signals          : 69
 Total Nets             : 29
 Total Signal Drivers   : 21
 Total Blocks           : 16
 Total Primitive Blocks : 14
 Total Processes        : 23
 Total Traceable Variables  : 21
 Total Scalar Nets and Variables : 112
Total Line Count : 33

 Total Simulation Time: 0.359375 sec

 Current Memory Usage: 368.546 Meg

Mon Mar 28 01:27:13 2016

