Command line:
   Schematic_isim_beh.exe
     -simmode  gui
     -simrunnum  0
     -socket  58854

Mon Mar 28 00:20:15 2016


 Elaboration Time: 0.046875 sec

 Current Memory Usage: 840.954 Meg

 Total Signals          : 68
 Total Nets             : 29
 Total Signal Drivers   : 18
 Total Blocks           : 15
 Total Primitive Blocks : 14
 Total Processes        : 19
 Total Traceable Variables  : 18
 Total Scalar Nets and Variables : 109
Total Line Count : 14

 Total Simulation Time: 0.09375 sec

 Current Memory Usage: 1155.54 Meg

Mon Mar 28 00:20:48 2016

