Command line:
   Schematic_Schematic_sch_tb_isim_beh.exe
     -simmode  gui
     -simrunnum  0
     -socket  62755

Sat Apr 02 00:37:28 2016


 Elaboration Time: 0.046875 sec

 Current Memory Usage: 840.401 Meg

 Total Signals          : 30
 Total Nets             : 29
 Total Signal Drivers   : 21
 Total Blocks           : 3
 Total Primitive Blocks : 2
 Total Processes        : 24
 Total Traceable Variables  : 22
 Total Scalar Nets and Variables : 113
Total Line Count : 34

 Total Simulation Time: 0.109375 sec

 Current Memory Usage: 840.401 Meg

Sat Apr 02 00:37:41 2016

