ISim log file
Running: C:\Xilinx\14.7\ISE_DS\ISE\Shinya_Yamamoto\Project_partB_Shinya_Yamamoto\Schematic_Schematic_sch_tb_isim_beh.exe -intstyle ise -gui -tclbatch isim.cmd -wdb C:/Xilinx/14.7/ISE_DS/ISE/Shinya_Yamamoto/Project_partB_Shinya_Yamamoto/Schematic_Schematic_sch_tb_isim_beh.wdb 
ISim P.20131013 (signature 0x7708f090)
WARNING: A WEBPACK license was found.
WARNING: Please use Xilinx License Configuration Manager to check out a full ISim license.
WARNING: ISim will run in Lite mode. Please refer to the ISim documentation for more information on the differences between the Lite and the Full version.
This is a Lite version of ISim.
Time resolution is 1 ps
# onerror resume
# wave add /
# run 1000 ns
Simulator is doing circuit initialization process.
Finished circuit initialization process.
Correct when A=0, B=0, C=0, producing ExpectedF = F = 1 
Correct when A=0, B=0, C=1, producing ExpectedF = F = 1 
Correct when A=0, B=1, C=0, producing ExpectedF = F = 0 
Correct when A=0, B=1, C=1, producing ExpectedF = F = 1 
Correct when A=1, B=0, C=0, producing ExpectedF = F = 1 
Correct when A=1, B=0, C=1, producing ExpectedF = F = 0 
Correct when A=1, B=1, C=0, producing ExpectedF = F = 1 
Correct when A=1, B=1, C=1, producing ExpectedF = F = 0 
